<?xml version="1.0" encoding="UTF-8"?>
<testng-results ignored="5" total="6" passed="0" failed="1" skipped="0">
  <reporter-output>
  </reporter-output>
  <suite started-at="2022-03-03T12:59:43 IST" name="Suite" finished-at="2022-03-03T13:00:16 IST" duration-ms="32720">
    <groups>
    </groups>
    <test started-at="2022-03-03T12:59:43 IST" name="Test" finished-at="2022-03-03T13:00:16 IST" duration-ms="32720">
      <class name="com.jiochat.jiochatbaseclassTest.LoginTest">
        <test-method is-config="true" signature="setUp()[pri:0, instance:com.jiochat.jiochatbaseclassTest.LoginTest@30ee2816]" started-at="2022-03-03T12:59:43 IST" name="setUp" finished-at="2022-03-03T12:59:43 IST" duration-ms="16" status="PASS">
          <reporter-output>
          </reporter-output>
        </test-method> <!-- setUp -->
        <test-method is-config="true" signature="beforeTestStart(java.lang.reflect.Method)[pri:0, instance:com.jiochat.jiochatbaseclassTest.LoginTest@30ee2816]" started-at="2022-03-03T12:59:43 IST" name="beforeTestStart" finished-at="2022-03-03T13:00:05 IST" duration-ms="21698" status="PASS">
          <params>
            <param index="0">
              <value>
                <![CDATA[public void com.jiochat.jiochatbaseclassTest.LoginTest.loginWithCorrectNumberButCorrectOtp() throws java.lang.Exception]]>
              </value>
            </param>
          </params>
          <reporter-output>
          </reporter-output>
        </test-method> <!-- beforeTestStart -->
        <test-method signature="loginWithCorrectNumberButCorrectOtp()[pri:0, instance:com.jiochat.jiochatbaseclassTest.LoginTest@30ee2816]" started-at="2022-03-03T13:00:05 IST" name="loginWithCorrectNumberButCorrectOtp" finished-at="2022-03-03T13:00:11 IST" duration-ms="6360" status="FAIL">
          <exception class="java.lang.AssertionError">
            <message>
              <![CDATA[expected [JIOChAT] but found [JIOCHAT]]]>
            </message>
            <full-stacktrace>
              <![CDATA[java.lang.AssertionError: expected [JIOChAT] but found [JIOCHAT]
at org.testng.Assert.fail(Assert.java:97)
at org.testng.Assert.assertEqualsImpl(Assert.java:136)
at org.testng.Assert.assertEquals(Assert.java:118)
at org.testng.Assert.assertEquals(Assert.java:575)
at org.testng.Assert.assertEquals(Assert.java:585)
at com.jiochat.jiochatbaseclassTest.LoginTest.loginWithCorrectNumberButCorrectOtp(LoginTest.java:87)
at java.base/jdk.internal.reflect.NativeMethodAccessorImpl.invoke0(Native Method)
at java.base/jdk.internal.reflect.NativeMethodAccessorImpl.invoke(NativeMethodAccessorImpl.java:77)
at java.base/jdk.internal.reflect.DelegatingMethodAccessorImpl.invoke(DelegatingMethodAccessorImpl.java:43)
at java.base/java.lang.reflect.Method.invoke(Method.java:568)
at org.testng.internal.MethodInvocationHelper.invokeMethod(MethodInvocationHelper.java:133)
at org.testng.internal.TestInvoker.invokeMethod(TestInvoker.java:584)
at org.testng.internal.TestInvoker.invokeTestMethod(TestInvoker.java:172)
at org.testng.internal.MethodRunner.runInSequence(MethodRunner.java:46)
at org.testng.internal.TestInvoker$MethodInvocationAgent.invoke(TestInvoker.java:804)
at org.testng.internal.TestInvoker.invokeTestMethods(TestInvoker.java:145)
at org.testng.internal.TestMethodWorker.invokeTestMethods(TestMethodWorker.java:146)
at org.testng.internal.TestMethodWorker.run(TestMethodWorker.java:128)
at java.base/java.util.ArrayList.forEach(ArrayList.java:1511)
at org.testng.TestRunner.privateRun(TestRunner.java:770)
at org.testng.TestRunner.run(TestRunner.java:591)
at org.testng.SuiteRunner.runTest(SuiteRunner.java:402)
at org.testng.SuiteRunner.runSequentially(SuiteRunner.java:396)
at org.testng.SuiteRunner.privateRun(SuiteRunner.java:355)
at org.testng.SuiteRunner.run(SuiteRunner.java:304)
at org.testng.SuiteRunnerWorker.runSuite(SuiteRunnerWorker.java:53)
at org.testng.SuiteRunnerWorker.run(SuiteRunnerWorker.java:96)
at org.testng.TestNG.runSuitesSequentially(TestNG.java:1180)
at org.testng.TestNG.runSuitesLocally(TestNG.java:1102)
at org.testng.TestNG.runSuites(TestNG.java:1032)
at org.testng.TestNG.run(TestNG.java:1000)
at org.testng.remote.AbstractRemoteTestNG.run(AbstractRemoteTestNG.java:115)
at org.testng.remote.RemoteTestNG.initAndRun(RemoteTestNG.java:251)
at org.testng.remote.RemoteTestNG.main(RemoteTestNG.java:77)
]]>
            </full-stacktrace>
          </exception> <!-- java.lang.AssertionError -->
          <reporter-output>
          </reporter-output>
        </test-method> <!-- loginWithCorrectNumberButCorrectOtp -->
        <test-method is-config="true" signature="afterTestEnd()[pri:0, instance:com.jiochat.jiochatbaseclassTest.LoginTest@30ee2816]" started-at="2022-03-03T13:00:12 IST" name="afterTestEnd" finished-at="2022-03-03T13:00:16 IST" duration-ms="3823" status="PASS">
          <reporter-output>
          </reporter-output>
        </test-method> <!-- afterTestEnd -->
        <test-method is-config="true" signature="tearDown()[pri:0, instance:com.jiochat.jiochatbaseclassTest.LoginTest@30ee2816]" started-at="2022-03-03T13:00:16 IST" name="tearDown" finished-at="2022-03-03T13:00:16 IST" duration-ms="5" status="PASS">
          <reporter-output>
          </reporter-output>
        </test-method> <!-- tearDown -->
      </class> <!-- com.jiochat.jiochatbaseclassTest.LoginTest -->
    </test> <!-- Test -->
  </suite> <!-- Suite -->
</testng-results>
