<?xml version="1.0" encoding="UTF-8"?>
<!-- Generated by org.testng.reporters.JUnitXMLReporter -->
<testsuite ignored="0" hostname="LT0105527" failures="0" tests="6" name="Default test" time="122.678" errors="0" timestamp="2022-04-27T22:57:02 IST">
  <testcase classname="com.jiochat.jiochatbaseclassTest.BaseClassTest" name="@BeforeMethod beforeTestStart" time="62.696">
    <failure type="org.openqa.selenium.SessionNotCreatedException" message="Could not start a new session. Response code 500. Message: unknown error: DevToolsActivePort file doesn&amp;apos;t exist
Build info: version: &amp;apos;4.1.2&amp;apos;, revision: &amp;apos;9a5a329c5a&amp;apos;
System info: host: &amp;apos;LT0105527&amp;apos;, ip: &amp;apos;10.20.22.1&amp;apos;, os.name: &amp;apos;Windows 10&amp;apos;, os.arch: &amp;apos;amd64&amp;apos;, os.version: &amp;apos;10.0&amp;apos;, java.version: &amp;apos;17.0.1&amp;apos;
Driver info: org.openqa.selenium.chrome.ChromeDriver
Command: [null, newSession {capabilities=[Capabilities {browserName: chrome, goog:chromeOptions: {args: [], extensions: []}}], desiredCapabilities=Capabilities {browserName: chrome, goog:chromeOptions: {args: [], extensions: []}}}]">
      <![CDATA[org.openqa.selenium.SessionNotCreatedException: Could not start a new session. Response code 500. Message: unknown error: DevToolsActivePort file doesn't exist
Build info: version: '4.1.2', revision: '9a5a329c5a'
System info: host: 'LT0105527', ip: '10.20.22.1', os.name: 'Windows 10', os.arch: 'amd64', os.version: '10.0', java.version: '17.0.1'
Driver info: org.openqa.selenium.chrome.ChromeDriver
Command: [null, newSession {capabilities=[Capabilities {browserName: chrome, goog:chromeOptions: {args: [], extensions: []}}], desiredCapabilities=Capabilities {browserName: chrome, goog:chromeOptions: {args: [], extensions: []}}}]
at org.openqa.selenium.remote.ProtocolHandshake.createSession(ProtocolHandshake.java:126)
at org.openqa.selenium.remote.ProtocolHandshake.createSession(ProtocolHandshake.java:84)
at org.openqa.selenium.remote.ProtocolHandshake.createSession(ProtocolHandshake.java:62)
at org.openqa.selenium.remote.HttpCommandExecutor.execute(HttpCommandExecutor.java:156)
at org.openqa.selenium.remote.service.DriverCommandExecutor.invokeExecute(DriverCommandExecutor.java:167)
at org.openqa.selenium.remote.service.DriverCommandExecutor.execute(DriverCommandExecutor.java:142)
at org.openqa.selenium.remote.RemoteWebDriver.execute(RemoteWebDriver.java:558)
at org.openqa.selenium.remote.RemoteWebDriver.startSession(RemoteWebDriver.java:245)
at org.openqa.selenium.remote.RemoteWebDriver.<init>(RemoteWebDriver.java:161)
at org.openqa.selenium.chromium.ChromiumDriver.<init>(ChromiumDriver.java:108)
at org.openqa.selenium.chrome.ChromeDriver.<init>(ChromeDriver.java:106)
at org.openqa.selenium.chrome.ChromeDriver.<init>(ChromeDriver.java:93)
at org.openqa.selenium.chrome.ChromeDriver.<init>(ChromeDriver.java:48)
at com.jiochat.baseclass.Driver.initDriver(Driver.java:25)
at com.jiochat.jiochatbaseclassTest.BaseClassTest.beforeTestStart(BaseClassTest.java:26)
at java.base/jdk.internal.reflect.NativeMethodAccessorImpl.invoke0(Native Method)
at java.base/jdk.internal.reflect.NativeMethodAccessorImpl.invoke(NativeMethodAccessorImpl.java:77)
at java.base/jdk.internal.reflect.DelegatingMethodAccessorImpl.invoke(DelegatingMethodAccessorImpl.java:43)
at java.base/java.lang.reflect.Method.invoke(Method.java:568)
at org.testng.internal.MethodInvocationHelper.invokeMethod(MethodInvocationHelper.java:133)
at org.testng.internal.MethodInvocationHelper.invokeMethodConsideringTimeout(MethodInvocationHelper.java:62)
at org.testng.internal.ConfigInvoker.invokeConfigurationMethod(ConfigInvoker.java:340)
at org.testng.internal.ConfigInvoker.invokeConfigurations(ConfigInvoker.java:294)
at org.testng.internal.TestInvoker.runConfigMethods(TestInvoker.java:683)
at org.testng.internal.TestInvoker.invokeMethod(TestInvoker.java:510)
at org.testng.internal.TestInvoker.invokeTestMethod(TestInvoker.java:172)
at org.testng.internal.MethodRunner.runInSequence(MethodRunner.java:46)
at org.testng.internal.TestInvoker$MethodInvocationAgent.invoke(TestInvoker.java:804)
at org.testng.internal.TestInvoker.invokeTestMethods(TestInvoker.java:145)
at org.testng.internal.TestMethodWorker.invokeTestMethods(TestMethodWorker.java:146)
at org.testng.internal.TestMethodWorker.run(TestMethodWorker.java:128)
at java.base/java.util.ArrayList.forEach(ArrayList.java:1511)
at org.testng.TestRunner.privateRun(TestRunner.java:770)
at org.testng.TestRunner.run(TestRunner.java:591)
at org.testng.SuiteRunner.runTest(SuiteRunner.java:402)
at org.testng.SuiteRunner.runSequentially(SuiteRunner.java:396)
at org.testng.SuiteRunner.privateRun(SuiteRunner.java:355)
at org.testng.SuiteRunner.run(SuiteRunner.java:304)
at org.testng.SuiteRunnerWorker.runSuite(SuiteRunnerWorker.java:53)
at org.testng.SuiteRunnerWorker.run(SuiteRunnerWorker.java:96)
at org.testng.TestNG.runSuitesSequentially(TestNG.java:1180)
at org.testng.TestNG.runSuitesLocally(TestNG.java:1102)
at org.testng.TestNG.runSuites(TestNG.java:1032)
at org.testng.TestNG.run(TestNG.java:1000)
at org.testng.remote.AbstractRemoteTestNG.run(AbstractRemoteTestNG.java:115)
at org.testng.remote.RemoteTestNG.initAndRun(RemoteTestNG.java:251)
at org.testng.remote.RemoteTestNG.main(RemoteTestNG.java:77)
]]>
    </failure>
  </testcase> <!-- @BeforeMethod beforeTestStart -->
  <testcase classname="com.jiochat.jiochatbaseclassTest.BaseClassTest" name="@AfterMethod afterTestEnd" time="-1.651080421788E9">
    <skipped/>
  </testcase> <!-- @AfterMethod afterTestEnd -->
  <testcase classname="com.jiochat.jiochatbaseclassTest.BaseClassTest" name="@BeforeMethod beforeTestStart" time="-1.651080421806E9">
    <skipped/>
  </testcase> <!-- @BeforeMethod beforeTestStart -->
  <testcase classname="com.jiochat.jiochatbaseclassTest.BaseClassTest" name="@AfterMethod afterTestEnd" time="-1.651080421834E9">
    <skipped/>
  </testcase> <!-- @AfterMethod afterTestEnd -->
  <testcase classname="com.jiochat.jiochatbaseclassTest.BaseClassTest" name="@BeforeMethod beforeTestStart" time="-1.651080421867E9">
    <skipped/>
  </testcase> <!-- @BeforeMethod beforeTestStart -->
  <testcase classname="com.jiochat.jiochatbaseclassTest.BaseClassTest" name="@AfterMethod afterTestEnd" time="-1.651080421877E9">
    <skipped/>
  </testcase> <!-- @AfterMethod afterTestEnd -->
  <testcase classname="com.jiochat.jiochatbaseclassTest.LoginTest" name="SelectCountryNChangeCountryName" time="1.403"/>
  <testcase classname="com.jiochat.jiochatbaseclassTest.LoginTest" name="loginWithCorrectNumberButCorrectOtp" time="6.851"/>
  <testcase classname="com.jiochat.jiochatbaseclassTest.LoginTest" name="loginWithCorrectNumberButWrongOtp" time="3.851"/>
  <testcase classname="com.jiochat.jiochatbaseclassTest.LoginTest" name="verifyCountryCode" time="0.0">
    <skipped/>
  </testcase> <!-- verifyCountryCode -->
  <testcase classname="com.jiochat.jiochatbaseclassTest.LoginTest" name="verifyLoginWithWrongNumber" time="0.0">
    <skipped/>
  </testcase> <!-- verifyLoginWithWrongNumber -->
  <testcase classname="com.jiochat.jiochatbaseclassTest.LoginTest" name="verifyTermNConditionPage" time="0.0">
    <skipped/>
  </testcase> <!-- verifyTermNConditionPage -->
</testsuite> <!-- Default test -->
