<?xml version="1.0" encoding="UTF-8"?>
<!-- Generated by org.testng.reporters.JUnitXMLReporter -->
<testsuite ignored="5" hostname="LT0105527" failures="1" tests="1" name="Test" time="32.72" errors="0" timestamp="2022-03-03T13:00:16 IST">
  <testcase classname="com.jiochat.jiochatbaseclassTest.LoginTest" name="loginWithCorrectNumberButCorrectOtp" time="6.36">
    <failure type="java.lang.AssertionError" message="expected [JIOChAT] but found [JIOCHAT]">
      <![CDATA[java.lang.AssertionError: expected [JIOChAT] but found [JIOCHAT]
at com.jiochat.jiochatbaseclassTest.LoginTest.loginWithCorrectNumberButCorrectOtp(LoginTest.java:87)
at java.base/java.util.ArrayList.forEach(ArrayList.java:1511)
... Removed 32 stack frames]]>
    </failure>
  </testcase> <!-- loginWithCorrectNumberButCorrectOtp -->
  <testcase classname="com.jiochat.jiochatbaseclassTest.LoginTest" name="SelectCountryNChangeCountryName" time="0.0">
    <ignored/>
  </testcase> <!-- SelectCountryNChangeCountryName -->
  <testcase classname="com.jiochat.jiochatbaseclassTest.LoginTest" name="verifyLoginWithWrongNumber" time="0.0">
    <ignored/>
  </testcase> <!-- verifyLoginWithWrongNumber -->
  <testcase classname="com.jiochat.jiochatbaseclassTest.LoginTest" name="loginWithCorrectNumberButWrongOtp" time="0.0">
    <ignored/>
  </testcase> <!-- loginWithCorrectNumberButWrongOtp -->
  <testcase classname="com.jiochat.jiochatbaseclassTest.LoginTest" name="verifyCountryCode" time="0.0">
    <ignored/>
  </testcase> <!-- verifyCountryCode -->
  <testcase classname="com.jiochat.jiochatbaseclassTest.LoginTest" name="verifyTermNConditionPage" time="0.0">
    <ignored/>
  </testcase> <!-- verifyTermNConditionPage -->
</testsuite> <!-- Test -->
