<?xml version="1.0" encoding="UTF-8"?>
<!-- Generated by org.testng.reporters.JUnitXMLReporter -->
<testsuite ignored="0" hostname="LT0105527" failures="0" tests="6" name="Test" time="159.807" errors="0" timestamp="2022-04-27T22:47:47 IST">
  <testcase classname="com.jiochat.jiochatbaseclassTest.LoginTest" name="SelectCountryNChangeCountryName" time="1.664"/>
  <testcase classname="com.jiochat.jiochatbaseclassTest.LoginTest" name="loginWithCorrectNumberButCorrectOtp" time="4.255"/>
  <testcase classname="com.jiochat.jiochatbaseclassTest.LoginTest" name="loginWithCorrectNumberButWrongOtp" time="3.395"/>
  <testcase classname="com.jiochat.jiochatbaseclassTest.LoginTest" name="verifyCountryCode" time="0.115"/>
  <testcase classname="com.jiochat.jiochatbaseclassTest.LoginTest" name="verifyLoginWithWrongNumber" time="1.327"/>
  <testcase classname="com.jiochat.jiochatbaseclassTest.LoginTest" name="verifyTermNConditionPage" time="1.267"/>
</testsuite> <!-- Test -->
